
2018-12-25 15:48:47:
构建服务器收到用户[debugger]构建请求,开始排队构建...

2018-12-25 15:51:58:
排队完成！开始构建app...

2018-12-25 15:51:58:
获取到用户配置的系统默认的插件：[cordova-plugin-compat]...

2018-12-25 15:51:58:
获取到用户配置的系统默认的插件：[cordova-plugin-file]...

2018-12-25 15:51:58:
获取到用户配置的系统默认的插件：[cordova-plugin-http]...

2018-12-25 15:51:58:
获取到用户配置的系统默认的插件：[cordova-plugin-camera]...

2018-12-25 15:51:59:
用户没有配置默认证书，将使用系统默认证书...

2018-12-25 15:51:59:
获取到构建使用的证书别名：[ump]...

createCordovaProject:
     [echo] === start create cordova project ===
     [echo] /usr/local/bin/cordova create /Users/ispace/BuildServer/umpfiles/userfiles/1195/48638/project/openApp
     [echo] 			com.yonyou.openapp openApp
     [echo] 		
     [exec] Creating a new cordova project.
     [echo] === end create cordova project ===

BUILD SUCCESSFUL
Total time: 1 second

addPlatform:
     [echo] add platform
     [echo] cordova platform add android@/Users/ispace/BuildServer/umpfiles/cordovaLibs/platforms/cordova-android.tgz --save
     [exec] Using cordova-fetch for cordova-android@/Users/ispace/BuildServer/umpfiles/cordovaLibs/platforms/cordova-android.tgz
     [exec] Adding android project...
     [exec] Creating Cordova project for the Android platform:
     [exec] 	Path: platforms/android
     [exec] 	Package: com.yonyou.openapp
     [exec] 	Name: openApp
     [exec] 	Activity: MainActivity
     [exec] 	Android target: android-25
     [exec] Subproject Path: CordovaLib
     [exec] Android project created with cordova-android@6.1.2
     [exec] Discovered plugin "cordova-plugin-whitelist" in config.xml. Adding it to the project
     [exec] Installing "cordova-plugin-whitelist" for android
     [exec] 
     [exec]                This plugin is only applicable for versions of cordova-android greater than 4.0. If you have a previous platform version, you do *not* need this plugin since the whitelist will be built in.
     [exec]           
     [exec] Adding cordova-plugin-whitelist to package.json
     [exec] Saved plugin info for "cordova-plugin-whitelist" to config.xml
     [exec] --save flag or autosave detected
     [exec] Saving android@/Users/ispace/BuildServer/umpfiles/cordovaLibs/platforms/cordova-android.tgz into config.xml file ...
     [echo] === end add platform===

BUILD SUCCESSFUL
Total time: 10 seconds

initCordovaPlugins:
     [echo] add plugin in cordovaproject
     [echo]  start add plugin /Users/ispace/BuildServer/umpfiles/userfiles/1195/48638/input/summer-plugin-android-template 
     [exec] Installing "summer-plugin-android-template" for android
     [echo]  end add plugin /Users/ispace/BuildServer/umpfiles/userfiles/1195/48638/input/summer-plugin-android-template 
     [echo]  start add plugin /Users/ispace/BuildServer/umpfiles/cordovaLibs/plugins/system/common/summer-plugin-apm 
     [exec] Installing "summer-plugin-apm" for android
     [echo]  end add plugin /Users/ispace/BuildServer/umpfiles/cordovaLibs/plugins/system/common/summer-plugin-apm 
     [echo]  start add plugin /Users/ispace/BuildServer/umpfiles/cordovaLibs/plugins/system/common/summer-plugin-core 
     [exec] Installing "summer-plugin-core" for android
     [echo]  end add plugin /Users/ispace/BuildServer/umpfiles/cordovaLibs/plugins/system/common/summer-plugin-core 
     [echo]  start add plugin /Users/ispace/BuildServer/umpfiles/cordovaLibs/plugins/system/common/summer-plugin-frame 
     [exec] Installing "summer-plugin-frame" for android
     [echo]  end add plugin /Users/ispace/BuildServer/umpfiles/cordovaLibs/plugins/system/common/summer-plugin-frame 
     [echo]  start add plugin /Users/ispace/BuildServer/umpfiles/cordovaLibs/plugins/system/common/summer-plugin-service 
     [exec] Installing "summer-plugin-service" for android
     [echo]  end add plugin /Users/ispace/BuildServer/umpfiles/cordovaLibs/plugins/system/common/summer-plugin-service 
     [echo]  start add plugin /Users/ispace/BuildServer/umpfiles/cordovaLibs/plugins/system/android/common/summer-plugin-android-resource 
     [exec] Installing "summer-plugin-android-resource" for android
     [exec] Subproject Path: CordovaLib
     [echo]  end add plugin /Users/ispace/BuildServer/umpfiles/cordovaLibs/plugins/system/android/common/summer-plugin-android-resource 
     [echo]  start add plugin /Users/ispace/BuildServer/umpfiles/cordovaLibs/plugins/system/android/release/summer-plugin-android-release 
     [exec] Installing "summer-plugin-android-release" for android
     [exec] Subproject Path: CordovaLib
     [echo]  end add plugin /Users/ispace/BuildServer/umpfiles/cordovaLibs/plugins/system/android/release/summer-plugin-android-release 
     [echo]  start add plugin /Users/ispace/BuildServer/umpfiles/cordovaLibs/plugins/cordova/cordova-plugin-compat 
     [exec] Installing "cordova-plugin-compat" for android
     [echo]  end add plugin /Users/ispace/BuildServer/umpfiles/cordovaLibs/plugins/cordova/cordova-plugin-compat 
     [echo]  start add plugin /Users/ispace/BuildServer/umpfiles/cordovaLibs/plugins/cordova/cordova-plugin-file 
     [exec] Installing "cordova-plugin-file" for android
     [exec] Plugin dependency "cordova-plugin-compat@1.1.0" already fetched, using that version.
     [exec] Dependent plugin "cordova-plugin-compat" already installed on android.
     [exec] 
     [exec] The Android Persistent storage location now defaults to "Internal". Please check this plugin's README to see if your application needs any changes in its config.xml.
     [exec] 
     [exec] If this is a new application no changes are required.
     [exec] 
     [exec] If this is an update to an existing application that did not specify an "AndroidPersistentFileLocation" you may need to add:
     [exec] 
     [exec]       "<preference name="AndroidPersistentFileLocation" value="Compatibility" />"
     [exec] 
     [exec] to config.xml in order for the application to find previously stored files.
     [exec]         
     [echo]  end add plugin /Users/ispace/BuildServer/umpfiles/cordovaLibs/plugins/cordova/cordova-plugin-file 
     [echo]  start add plugin /Users/ispace/BuildServer/umpfiles/cordovaLibs/plugins/cordova/cordova-plugin-http 
     [exec] Installing "cordova-plugin-http" for android
     [exec] Plugin dependency "cordova-plugin-file@4.3.2" already fetched, using that version.
     [exec] Dependent plugin "cordova-plugin-file" already installed on android.
     [echo]  end add plugin /Users/ispace/BuildServer/umpfiles/cordovaLibs/plugins/cordova/cordova-plugin-http 
     [echo]  start add plugin /Users/ispace/BuildServer/umpfiles/cordovaLibs/plugins/cordova/cordova-plugin-camera 
     [exec] Installing "cordova-plugin-camera" for android
     [exec] Plugin dependency "cordova-plugin-compat@1.1.0" already fetched, using that version.
     [exec] Dependent plugin "cordova-plugin-compat" already installed on android.
     [exec] Subproject Path: CordovaLib
     [echo]  end add plugin /Users/ispace/BuildServer/umpfiles/cordovaLibs/plugins/cordova/cordova-plugin-camera 
     [echo] === end add plugin ===

BUILD SUCCESSFUL
Total time: 16 seconds

buildAndroid:
     [echo] Start Build Android App
     [echo] /usr/local/bin/cordova build android --release -- --keystore /Users/dongzhk/BuildServer/umpfiles/profile/ump.keystore --alias ump --storePassword 123456 --password umpump
     [echo] Build base Dir /Users/ispace/BuildServer/umpfiles/userfiles/1195/48638/project/openApp
     [exec] ANDROID_HOME=/Applications/android-sdk-macosx-r16
     [exec] JAVA_HOME=/Library/Java/JavaVirtualMachines/jdk1.8.0_73.jdk/Contents/Home
     [exec] Reading build config file: /Users/ispace/BuildServer/umpfiles/userfiles/1195/48638/project/openApp/build.json
     [exec] Reading the keystore from: /Users/ispace/BuildServer/umpfiles/profile/32/ump_20170619164555.keystore
     [exec] Subproject Path: CordovaLib
     [exec] Parallel execution is an incubating feature.
     [exec] Incremental java compilation is an incubating feature.
     [exec] :preBuild UP-TO-DATE
     [exec] :CordovaLib:preBuild UP-TO-DATE
     [exec] :preReleaseBuild
     [exec] :CordovaLib:preReleaseBuild
     [exec] :preReleaseBuild UP-TO-DATE
     [exec] :CordovaLib:preReleaseBuild UP-TO-DATE
     [exec] :checkReleaseManifest
     [exec] :CordovaLib:checkReleaseManifest
     [exec] :preDebugBuild UP-TO-DATE
     [exec] :CordovaLib:prepareReleaseDependencies
     [exec] :preDebugAndroidTestBuild UP-TO-DATE
     [exec] :CordovaLib:compileReleaseAidl
     [exec] :generateReleaseBuildConfig
     [exec] :CordovaLib:compileReleaseNdk UP-TO-DATE
     [exec] :CordovaLib:compileLint
     [exec] :generateReleaseResValues
     [exec] :CordovaLib:copyReleaseLint UP-TO-DATE
     [exec] :CordovaLib:mergeReleaseShaders
     [exec] :incrementalReleaseJavaCompilationSafeguard
     [exec] :CordovaLib:compileReleaseShaders
     [exec] :compileReleaseNdk UP-TO-DATE
     [exec] :mergeReleaseShaders
     [exec] :CordovaLib:generateReleaseAssets
     [exec] :CordovaLib:mergeReleaseAssets
     [exec] :compileReleaseShaders
     [exec] :CordovaLib:mergeReleaseProguardFiles
     [exec] :CordovaLib:packageReleaseRenderscript
     [exec] :generateReleaseAssets
     [exec] :CordovaLib:packageReleaseRenderscript UP-TO-DATE
     [exec] :processReleaseJavaRes
     [exec] :CordovaLib:compileReleaseRenderscript
     [exec] :processReleaseJavaRes UP-TO-DATE
     [exec] :validateSigningRelease
     [exec] :CordovaLib:generateReleaseResValues
     [exec] :CordovaLib:generateReleaseResources
     [exec] :CordovaLib:packageReleaseResources
     [exec] :CordovaLib:processReleaseManifest
     [exec] :CordovaLib:generateReleaseBuildConfig
     [exec] :CordovaLib:processReleaseResources
     [exec] :CordovaLib:generateReleaseSources
     [exec] :CordovaLib:incrementalReleaseJavaCompilationSafeguard
     [exec] :CordovaLib:compileReleaseJavaWithJavac
     [exec] :CordovaLib:compileReleaseJavaWithJavac - is not incremental (e.g. outputs have changed, no previous execution, etc.).
     [exec] :CordovaLib:processReleaseJavaRes UP-TO-DATE
     [exec] :CordovaLib:transformResourcesWithMergeJavaResForRelease
     [exec] :CordovaLib:transformClassesAndResourcesWithSyncLibJarsForRelease
     [exec] :CordovaLib:mergeReleaseJniLibFolders
     [exec] :CordovaLib:transformNative_libsWithMergeJniLibsForRelease
     [exec] :CordovaLib:transformNative_libsWithSyncJniLibsForRelease
     [exec] :CordovaLib:bundleRelease
     [exec] :prepareAndroidCordovaLibUnspecifiedReleaseLibrary
     [exec] :CordovaLib:preDebugBuild UP-TO-DATE
     [exec] :CordovaLib:checkDebugManifest
     [exec] :CordovaLib:prepareDebugDependencies
     [exec] :CordovaLib:compileDebugAidl
     [exec] :CordovaLib:compileDebugNdk UP-TO-DATE
     [exec] :CordovaLib:copyDebugLint UP-TO-DATE
     [exec] :CordovaLib:mergeDebugShaders
     [exec] :CordovaLib:compileDebugShaders
     [exec] :CordovaLib:generateDebugAssets
     [exec] :CordovaLib:mergeDebugAssets
     [exec] :CordovaLib:mergeDebugProguardFiles
     [exec] :CordovaLib:packageDebugRenderscript UP-TO-DATE
     [exec] :CordovaLib:compileDebugRenderscript
     [exec] :CordovaLib:generateDebugResValues
     [exec] :CordovaLib:generateDebugResources
     [exec] :CordovaLib:packageDebugResources
     [exec] :CordovaLib:processDebugManifest
     [exec] :CordovaLib:generateDebugBuildConfig
     [exec] :CordovaLib:processDebugResources
     [exec] :CordovaLib:generateDebugSources
     [exec] :CordovaLib:incrementalDebugJavaCompilationSafeguard
     [exec] :CordovaLib:compileDebugJavaWithJavac
     [exec] :CordovaLib:compileDebugJavaWithJavac - is not incremental (e.g. outputs have changed, no previous execution, etc.).
     [exec] :CordovaLib:processDebugJavaRes UP-TO-DATE
     [exec] :CordovaLib:transformResourcesWithMergeJavaResForDebug
     [exec] :CordovaLib:transformClassesAndResourcesWithSyncLibJarsForDebug
     [exec] :CordovaLib:mergeDebugJniLibFolders
     [exec] :CordovaLib:transformNative_libsWithMergeJniLibsForDebug
     [exec] :CordovaLib:transformNative_libsWithSyncJniLibsForDebug
     [exec] :CordovaLib:bundleDebug
     [exec] :prepareComAndroidSupportAnimatedVectorDrawable2411Library
     [exec] :prepareComAndroidSupportAppcompatV72411Library
     [exec] :prepareComAndroidSupportMultidex101Library
     [exec] :prepareComAndroidSupportSupportV42411Library
     [exec] :prepareComAndroidSupportSupportVectorDrawable2411Library
     [exec] :prepareOrgXutilsXutils3340Library
     [exec] :prepareYyemmsdkLibrary
     [exec] :prepareYymamsdkLibrary
     [exec] :prepareYysummerLibrary
     [exec] :prepareYyudaccessorLibrary
     [exec] :prepareReleaseDependencies
     [exec] :compileReleaseAidl
     [exec] :compileReleaseRenderscript
     [exec] :generateReleaseResources
     [exec] :mergeReleaseResources
     [exec] :processReleaseManifest
     [exec] [:yyemmsdk:] /Users/ispace/BuildServer/umpfiles/userfiles/1195/48638/project/openApp/platforms/android/build/intermediates/exploded-aar/yyemmsdk/AndroidManifest.xml:30:5-79 Warning:
     [exec] 	Element uses-permission#android.permission.ACCESS_FINE_LOCATION at [:yyemmsdk:] AndroidManifest.xml:30:5-79 duplicated with element declared at [:yyemmsdk:] AndroidManifest.xml:27:5-79
     [exec] /Users/ispace/BuildServer/umpfiles/userfiles/1195/48638/project/openApp/platforms/android/AndroidManifest.xml:6:5-25:19 Warning:
     [exec] 	application@android:allowBackup was tagged at AndroidManifest.xml:6 to replace other declarations but no other declaration present
     [exec] :processReleaseResources
     [exec] :generateReleaseSources
     [exec] :compileReleaseJavaWithJavac
     [exec] :compileReleaseJavaWithJavac - is not incremental (e.g. outputs have changed, no previous execution, etc.).
     [exec] :compileReleaseSources
     [exec] :lintVitalRelease注: 某些输入文件使用或覆盖了已过时的 API。
     [exec] 注: 有关详细信息, 请使用 -Xlint:deprecation 重新编译。
     [exec] 注: /Users/ispace/BuildServer/umpfiles/userfiles/1195/48638/project/openApp/platforms/android/src/org/apache/cordova/file/AssetFilesystem.java使用了未经检查或不安全的操作。
     [exec] 注: 有关详细信息, 请使用 -Xlint:unchecked 重新编译。
     [exec] 
     [exec] :mergeReleaseAssets
     [exec] :transformClassesWithJarMergingForRelease
     [exec] :collectReleaseMultiDexComponents
     [exec] :transformClassesWithMultidexlistForRelease
     [exec] :transformClassesWithDexForRelease
     [exec] :mergeReleaseJniLibFolderswarning: Ignoring InnerClasses attribute for an anonymous inner class
     [exec] (net.lingala.zip4j.unzip.Unzip$1) that doesn't come with an
     [exec] associated EnclosingMethod attribute. This class was probably produced by a
     [exec] compiler that did not target the modern .class file format. The recommended
     [exec] solution is to recompile the class from source, using an up-to-date compiler
     [exec] and without specifying any "-target" type options. The consequence of ignoring
     [exec] this warning is that reflective operations on this class will incorrectly
     [exec] indicate that it is *not* an inner class.
     [exec] warning: Ignoring InnerClasses attribute for an anonymous inner class
     [exec] (net.lingala.zip4j.unzip.Unzip$2) that doesn't come with an
     [exec] associated EnclosingMethod attribute. This class was probably produced by a
     [exec] compiler that did not target the modern .class file format. The recommended
     [exec] solution is to recompile the class from source, using an up-to-date compiler
     [exec] and without specifying any "-target" type options. The consequence of ignoring
     [exec] this warning is that reflective operations on this class will incorrectly
     [exec] indicate that it is *not* an inner class.
     [exec] warning: Ignoring InnerClasses attribute for an anonymous inner class
     [exec] (net.lingala.zip4j.util.ArchiveMaintainer$1) that doesn't come with an
     [exec] associated EnclosingMethod attribute. This class was probably produced by a
     [exec] compiler that did not target the modern .class file format. The recommended
     [exec] solution is to recompile the class from source, using an up-to-date compiler
     [exec] and without specifying any "-target" type options. The consequence of ignoring
     [exec] this warning is that reflective operations on this class will incorrectly
     [exec] indicate that it is *not* an inner class.
     [exec] warning: Ignoring InnerClasses attribute for an anonymous inner class
     [exec] (net.lingala.zip4j.util.ArchiveMaintainer$2) that doesn't come with an
     [exec] associated EnclosingMethod attribute. This class was probably produced by a
     [exec] compiler that did not target the modern .class file format. The recommended
     [exec] solution is to recompile the class from source, using an up-to-date compiler
     [exec] and without specifying any "-target" type options. The consequence of ignoring
     [exec] this warning is that reflective operations on this class will incorrectly
     [exec] indicate that it is *not* an inner class.
     [exec] warning: Ignoring InnerClasses attribute for an anonymous inner class
     [exec] (net.lingala.zip4j.zip.ZipEngine$1) that doesn't come with an
     [exec] associated EnclosingMethod attribute. This class was probably produced by a
     [exec] compiler that did not target the modern .class file format. The recommended
     [exec] solution is to recompile the class from source, using an up-to-date compiler
     [exec] and without specifying any "-target" type options. The consequence of ignoring
     [exec] this warning is that reflective operations on this class will incorrectly
     [exec] indicate that it is *not* an inner class.
     [exec] 
     [exec] :transformNative_libsWithMergeJniLibsForRelease
     [exec] :transformResourcesWithMergeJavaResForRelease
     [exec] :packageRelease
     [exec] :assembleRelease
     [exec] :cdvBuildRelease
     [exec] 
     [exec] BUILD SUCCESSFUL
     [exec] 
     [exec] Total time: 13.415 secs
     [exec] Built the following apk(s): 
     [exec] 	/Users/ispace/BuildServer/umpfiles/userfiles/1195/48638/project/openApp/platforms/android/build/outputs/apk/android-release.apk
     [echo] End Build Android App
     [echo] start move apk and asserts
     [move] Moving 1 file to /Users/ispace/BuildServer/umpfiles/userfiles/1195/48638/output/install
      [zip] Building zip: /Users/ispace/BuildServer/umpfiles/userfiles/1195/48638/output/install/openApp_assets.zip
     [echo] end move apk and asserts
     [echo] delete build dir add by dongzhk
   [delete] Deleting directory /Users/ispace/BuildServer/umpfiles/userfiles/1195/48638/project/openApp/platforms/android/build
     [echo] end delete build dir by dongzhk

BUILD SUCCESSFUL
Total time: 16 seconds
